Adapter #0

Enclosure Device ID: 252
Slot Number: 0
Drive's position: DiskGroup: 0, Span: 0, Arm: 0
Enclosure position: N/A
Device Id: 15
WWN: 5000C50059187F4C
Sequence Number: 2
Media Error Count: 6
Other Error Count: 0
Predictive Failure Count: 0
Last Predictive Failure Event Seq Number: 0
PD Type: SAS

Raw Size: 3.638 TB [0x1d1c0beb0 Sectors]
Non Coerced Size: 3.637 TB [0x1d1b0beb0 Sectors]
Coerced Size: 3.637 TB [0x1d1b00000 Sectors]
Sector Size:  512
Logical Sector Size:  512
Physical Sector Size:  512
Firmware state: Online, Spun Up
Commissioned Spare : No
Emergency Spare : No
Device Firmware Level: GS0D
Shield Counter: 0
Successful diagnostics completion on :  N/A
SAS Address(0): 0x5000c50059187f4d
SAS Address(1): 0x0
Connected Port Number: 3(path0) 
Inquiry Data: SEAGATE ST4000NM0023    GS0DZ1Z527D6            
FDE Capable: Not Capable
FDE Enable: Disable
Secured: Unsecured
Locked: Unlocked
Needs EKM Attention: No
Foreign State: None 
Device Speed: 6.0Gb/s 
Link Speed: 6.0Gb/s 
Media Type: Hard Disk Device
Drive:  Not Certified
Drive Temperature :44C (111.20 F)
PI Eligibility:  No 
Drive is formatted for PI information:  No
PI: No PI
Port-0 :
Port status: Active
Port's Linkspeed: 6.0Gb/s 
Port-1 :
Port status: Active
Port's Linkspeed: 6.0Gb/s 
Drive has flagged a S.M.A.R.T alert : No



Enclosure Device ID: 252
Slot Number: 1
Drive's position: DiskGroup: 0, Span: 0, Arm: 1
Enclosure position: N/A
Device Id: 16
WWN: 5000C5005925CD50
Sequence Number: 2
Media Error Count: 0
Other Error Count: 0
Predictive Failure Count: 0
Last Predictive Failure Event Seq Number: 0
PD Type: SAS

Raw Size: 3.638 TB [0x1d1c0beb0 Sectors]
Non Coerced Size: 3.637 TB [0x1d1b0beb0 Sectors]
Coerced Size: 3.637 TB [0x1d1b00000 Sectors]
Sector Size:  512
Logical Sector Size:  512
Physical Sector Size:  512
Firmware state: Online, Spun Up
Commissioned Spare : No
Emergency Spare : No
Device Firmware Level: GS0F
Shield Counter: 0
Successful diagnostics completion on :  N/A
SAS Address(0): 0x5000c5005925cd51
SAS Address(1): 0x0
Connected Port Number: 2(path0) 
Inquiry Data: SEAGATE ST4000NM0023    GS0FZ1Z56ZCF            
FDE Capable: Not Capable
FDE Enable: Disable
Secured: Unsecured
Locked: Unlocked
Needs EKM Attention: No
Foreign State: None 
Device Speed: 6.0Gb/s 
Link Speed: 6.0Gb/s 
Media Type: Hard Disk Device
Drive:  Not Certified
Drive Temperature :44C (111.20 F)
PI Eligibility:  No 
Drive is formatted for PI information:  No
PI: No PI
Port-0 :
Port status: Active
Port's Linkspeed: 6.0Gb/s 
Port-1 :
Port status: Active
Port's Linkspeed: 6.0Gb/s 
Drive has flagged a S.M.A.R.T alert : No



Enclosure Device ID: 252
Slot Number: 2
Drive's position: DiskGroup: 0, Span: 0, Arm: 2
Enclosure position: N/A
Device Id: 17
WWN: 5000C5005912B2D4
Sequence Number: 2
Media Error Count: 0
Other Error Count: 0
Predictive Failure Count: 0
Last Predictive Failure Event Seq Number: 0
PD Type: SAS

Raw Size: 3.638 TB [0x1d1c0beb0 Sectors]
Non Coerced Size: 3.637 TB [0x1d1b0beb0 Sectors]
Coerced Size: 3.637 TB [0x1d1b00000 Sectors]
Sector Size:  512
Logical Sector Size:  512
Physical Sector Size:  512
Firmware state: Online, Spun Up
Commissioned Spare : No
Emergency Spare : No
Device Firmware Level: GS0D
Shield Counter: 0
Successful diagnostics completion on :  N/A
SAS Address(0): 0x5000c5005912b2d5
SAS Address(1): 0x0
Connected Port Number: 1(path0) 
Inquiry Data: SEAGATE ST4000NM0023    GS0DZ1Z501MJ            
FDE Capable: Not Capable
FDE Enable: Disable
Secured: Unsecured
Locked: Unlocked
Needs EKM Attention: No
Foreign State: None 
Device Speed: 6.0Gb/s 
Link Speed: 6.0Gb/s 
Media Type: Hard Disk Device
Drive:  Not Certified
Drive Temperature :53C (127.40 F)
PI Eligibility:  No 
Drive is formatted for PI information:  No
PI: No PI
Port-0 :
Port status: Active
Port's Linkspeed: 6.0Gb/s 
Port-1 :
Port status: Active
Port's Linkspeed: 6.0Gb/s 
Drive has flagged a S.M.A.R.T alert : No



Enclosure Device ID: 252
Slot Number: 3
Drive's position: DiskGroup: 0, Span: 0, Arm: 3
Enclosure position: N/A
Device Id: 18
WWN: 5000C500592C1E38
Sequence Number: 2
Media Error Count: 0
Other Error Count: 0
Predictive Failure Count: 0
Last Predictive Failure Event Seq Number: 0
PD Type: SAS

Raw Size: 3.638 TB [0x1d1c0beb0 Sectors]
Non Coerced Size: 3.637 TB [0x1d1b0beb0 Sectors]
Coerced Size: 3.637 TB [0x1d1b00000 Sectors]
Sector Size:  512
Logical Sector Size:  512
Physical Sector Size:  512
Firmware state: Online, Spun Up
Commissioned Spare : No
Emergency Spare : No
Device Firmware Level: GS0F
Shield Counter: 0
Successful diagnostics completion on :  N/A
SAS Address(0): 0x5000c500592c1e39
SAS Address(1): 0x0
Connected Port Number: 0(path0) 
Inquiry Data: SEAGATE ST4000NM0023    GS0FZ1Z58K1R            
FDE Capable: Not Capable
FDE Enable: Disable
Secured: Unsecured
Locked: Unlocked
Needs EKM Attention: No
Foreign State: None 
Device Speed: 6.0Gb/s 
Link Speed: 6.0Gb/s 
Media Type: Hard Disk Device
Drive:  Not Certified
Drive Temperature :47C (116.60 F)
PI Eligibility:  No 
Drive is formatted for PI information:  No
PI: No PI
Port-0 :
Port status: Active
Port's Linkspeed: 6.0Gb/s 
Port-1 :
Port status: Active
Port's Linkspeed: 6.0Gb/s 
Drive has flagged a S.M.A.R.T alert : No




Exit Code: 0x00
